<?xml version="1.0" encoding="UTF-8"?>
<!-- Generated by org.testng.reporters.JUnitReportReporter -->
<testsuite hostname="LAPTOP-1826LOER" failures="0" tests="3" name="com.webshop.tests.RegisterPageTests" time="24.401" errors="0" timestamp="2025-03-07T08:10:29 IST" skipped="0">
  <testcase classname="com.webshop.tests.RegisterPageTests" name="testRegisterPageLanding" time="7.247"/>
  <testcase classname="com.webshop.tests.RegisterPageTests" name="testRegisterForm" time="8.271"/>
  <testcase classname="com.webshop.tests.RegisterPageTests" name="testExistingUserValidation" time="8.883"/>
</testsuite> <!-- com.webshop.tests.RegisterPageTests -->
