<?xml version="1.0" encoding="UTF-8"?>
<!-- Generated by org.testng.reporters.JUnitReportReporter -->
<testsuite hostname="LAPTOP-1826LOER" failures="0" tests="1" name="com.webshop.driver.DriverScript" time="4.177" errors="0" timestamp="2025-03-06T07:38:07 IST" skipped="0">
  <testcase classname="com.webshop.driver.DriverScript" name="initApplication" time="4.177"/>
</testsuite> <!-- com.webshop.driver.DriverScript -->
